[debug] [2021-09-10T05:50:23.651Z] ----------------------------------------------------------------------
[debug] [2021-09-10T05:50:23.654Z] Command:       C:\Users\adiad\DOWNLO~1\firebase-tools-instant-win.exe C:\Users\adiad\.cache\firebase\tools\lib\node_modules\firebase-tools\lib\bin\firebase init hosting
[debug] [2021-09-10T05:50:23.654Z] CLI Version:   9.18.0
[debug] [2021-09-10T05:50:23.655Z] Platform:      win32
[debug] [2021-09-10T05:50:23.655Z] Node Version:  v12.18.1
[debug] [2021-09-10T05:50:23.656Z] Time:          Fri Sep 10 2021 11:20:23 GMT+0530 (India Standard Time)
[debug] [2021-09-10T05:50:23.656Z] ----------------------------------------------------------------------
[debug] 
[debug] [2021-09-10T05:50:23.672Z] > command requires scopes: ["email","openid","https://www.googleapis.com/auth/cloudplatformprojects.readonly","https://www.googleapis.com/auth/firebase","https://www.googleapis.com/auth/cloud-platform"]
[debug] [2021-09-10T05:50:23.673Z] > authorizing via signed-in user (adi.adityapratapsingh786@gmail.com)
[info] 
     ######## #### ########  ######## ########     ###     ######  ########
     ##        ##  ##     ## ##       ##     ##  ##   ##  ##       ##
     ######    ##  ########  ######   ########  #########  ######  ######
     ##        ##  ##    ##  ##       ##     ## ##     ##       ## ##
     ##       #### ##     ## ######## ########  ##     ##  ######  ########

You're about to initialize a Firebase project in this directory:

  C:\Users\adiad\OneDrive\Desktop\Music System\Music

[info] 
=== Project Setup
[info] 
[info] First, let's associate this project directory with a Firebase project.
[info] You can create multiple project aliases by running firebase use --add, 
[info] but for now we'll just set up a default project.
[info] 
[debug] [2021-09-10T05:50:28.234Z] >>> [apiv2][query] GET https://firebase.googleapis.com/v1beta1/projects pageSize=100
[debug] [2021-09-10T05:50:29.279Z] <<< [apiv2][status] GET https://firebase.googleapis.com/v1beta1/projects 200
[debug] [2021-09-10T05:50:29.280Z] <<< [apiv2][body] GET https://firebase.googleapis.com/v1beta1/projects [omitted]
[info] i  Using project music-a6ff3 (Music) 
[info] 
=== Hosting Setup
[info] 
[info] Your public directory is the folder (relative to your project directory) that
[info] will contain Hosting assets to be uploaded with firebase deploy. If you
[info] have a build process for your assets, use your build's output directory.
[info] 
[debug] [2021-09-10T05:51:05.152Z] ----------------------------------------------------------------------
[debug] [2021-09-10T05:51:05.154Z] Command:       C:\Users\adiad\DOWNLO~1\firebase-tools-instant-win.exe C:\Users\adiad\.cache\firebase\tools\lib\node_modules\firebase-tools\lib\bin\firebase init hosting
[debug] [2021-09-10T05:51:05.154Z] CLI Version:   9.18.0
[debug] [2021-09-10T05:51:05.155Z] Platform:      win32
[debug] [2021-09-10T05:51:05.155Z] Node Version:  v12.18.1
[debug] [2021-09-10T05:51:05.156Z] Time:          Fri Sep 10 2021 11:21:05 GMT+0530 (India Standard Time)
[debug] [2021-09-10T05:51:05.156Z] ----------------------------------------------------------------------
[debug] 
[debug] [2021-09-10T05:51:05.170Z] > command requires scopes: ["email","openid","https://www.googleapis.com/auth/cloudplatformprojects.readonly","https://www.googleapis.com/auth/firebase","https://www.googleapis.com/auth/cloud-platform"]
[debug] [2021-09-10T05:51:05.170Z] > authorizing via signed-in user (adi.adityapratapsingh786@gmail.com)
[info] 
     ######## #### ########  ######## ########     ###     ######  ########
     ##        ##  ##     ## ##       ##     ##  ##   ##  ##       ##
     ######    ##  ########  ######   ########  #########  ######  ######
     ##        ##  ##    ##  ##       ##     ## ##     ##       ## ##
     ##       #### ##     ## ######## ########  ##     ##  ######  ########

You're about to initialize a Firebase project in this directory:

  C:\Users\adiad\OneDrive\Desktop\Music System\Music

[info] 
=== Project Setup
[info] 
[info] First, let's associate this project directory with a Firebase project.
[info] You can create multiple project aliases by running firebase use --add, 
[info] but for now we'll just set up a default project.
[info] 
[debug] [2021-09-10T05:51:08.969Z] >>> [apiv2][query] GET https://firebase.googleapis.com/v1beta1/projects pageSize=100
[debug] [2021-09-10T05:51:10.100Z] <<< [apiv2][status] GET https://firebase.googleapis.com/v1beta1/projects 200
[debug] [2021-09-10T05:51:10.100Z] <<< [apiv2][body] GET https://firebase.googleapis.com/v1beta1/projects [omitted]
[info] i  Using project music-a6ff3 (Music) 
[info] 
=== Hosting Setup
[info] 
[info] Your public directory is the folder (relative to your project directory) that
[info] will contain Hosting assets to be uploaded with firebase deploy. If you
[info] have a build process for your assets, use your build's output directory.
[info] 
